Command line:
   lab9_top_isim_beh.exe
     -simmode  gui
     -simrunnum  0
     -socket  59030

Wed Aug 12 16:18:40 2015


 Elaboration Time: 0.046875 sec

 Current Memory Usage: 362.025 Meg

 Total Signals          : 100
 Total Nets             : 325
 Total Signal Drivers   : 31
 Total Blocks           : 13
 Total Primitive Blocks : 11
 Total Processes        : 20
 Total Traceable Variables  : 17
 Total Scalar Nets and Variables : 812
Total Line Count : 96

 Total Simulation Time: 0.0625 sec

 Current Memory Usage: 362.025 Meg

Wed Aug 12 16:26:01 2015

