ISim log file
Running: D:\VHDL Projects\Lab6\lab06_tb_isim_beh.exe -intstyle ise -gui -tclbatch isim.cmd -wdb D:/VHDL Projects/Lab6/lab06_tb_isim_beh.wdb 
ISim P.20131013 (signature 0x7708f090)
WARNING: A WEBPACK license was found.
WARNING: Please use Xilinx License Configuration Manager to check out a full ISim license.
WARNING: ISim will run in Lite mode. Please refer to the ISim documentation for more information on the differences between the Lite and the Full version.
This is a Lite version of ISim.
Time resolution is 1 ps
# onerror resume
# wave add /
# run 1000 ns
Simulator is doing circuit initialization process.
at 0 ps, Instance /lab06_tb/lab6_top_0/SEG7DRVR/PULSE1KHZGEN/ : Warning: NUMERIC_STD."=": metavalue detected, returning FALSE
at 0 ps, Instance /lab06_tb/lab6_top_0/WRITEADDR/ : Warning: NUMERIC_STD."=": metavalue detected, returning FALSE
at 0 ps, Instance /lab06_tb/lab6_top_0/PULSE4HZ/ : Warning: NUMERIC_STD."=": metavalue detected, returning FALSE
Finished circuit initialization process.
at 10 ns, Instance /lab06_tb/lab6_top_0/PB0DB/ : Warning: NUMERIC_STD."<": metavalue detected, returning FALSE
at 30 ns, Instance /lab06_tb/lab6_top_0/PB0DB/ : Warning: NUMERIC_STD."<": metavalue detected, returning FALSE
at 50 ns, Instance /lab06_tb/lab6_top_0/PB0DB/ : Warning: NUMERIC_STD."<": metavalue detected, returning FALSE
at 70 ns, Instance /lab06_tb/lab6_top_0/PB0DB/ : Warning: NUMERIC_STD."<": metavalue detected, returning FALSE
at 90 ns, Instance /lab06_tb/lab6_top_0/PB0DB/ : Warning: NUMERIC_STD."<": metavalue detected, returning FALSE
at 110 ns, Instance /lab06_tb/lab6_top_0/PB0DB/ : Warning: NUMERIC_STD."<": metavalue detected, returning FALSE
at 130 ns, Instance /lab06_tb/lab6_top_0/PB0DB/ : Warning: NUMERIC_STD."<": metavalue detected, returning FALSE
at 150 ns, Instance /lab06_tb/lab6_top_0/PB0DB/ : Warning: NUMERIC_STD."<": metavalue detected, returning FALSE
# run 300.00us
-E- Data not valid at end-of-write to SRAM.at 20680 ns(2), Instance /lab06_tb/sram_0/ : Warning: There is an 'U'|'X'|'W'|'Z'|'-' in an arithmetic operand, the result will be 'X'(es).
at 20680 ns(2), Instance /lab06_tb/sram_0/ : Warning: CONV_INTEGER: There is an 'U'|'X'|'W'|'Z'|'-' in an arithmetic operand, and it has been converted to 0.
# run 30.00us
