Running: D:\Xilinx\14.7\ISE_DS\ISE\bin\nt64\unwrapped\fuse.exe -intstyle ise -incremental -o D:/VHDL Projects/Lab5/lab5_topLevel_isim_beh.exe -prj D:/VHDL Projects/Lab5/lab5_topLevel_beh.prj work.lab5_topLevel 
ISim P.20131013 (signature 0x7708f090)
Number of CPUs detected in this system: 8
Turning on mult-threading, number of parallel sub-compilation jobs: 16 
Determining compilation order of HDL files
Parsing VHDL file "D:/VHDL Projects/Lab5/twoBitUpCounter.vhd" into library work
Parsing VHDL file "D:/VHDL Projects/Lab5/seg7_hex.vhd" into library work
Parsing VHDL file "D:/VHDL Projects/Lab5/pulseGenerator.vhd" into library work
Parsing VHDL file "D:/VHDL Projects/Lab5/vgaDrvr.vhd" into library work
Parsing VHDL file "D:/VHDL Projects/Lab5/seg7_driver.vhd" into library work
Parsing VHDL file "D:/VHDL Projects/Lab5/pulseGen60Hz.vhd" into library work
Parsing VHDL file "D:/VHDL Projects/Lab5/pulseGen25MHz.vhd" into library work
Parsing VHDL file "D:/VHDL Projects/Lab5/debouncer.vhd" into library work
Parsing VHDL file "D:/VHDL Projects/Lab5/lab5_topLevel.vhd" into library work
Starting static elaboration
Completed static elaboration
Compiling package standard
Compiling package std_logic_1164
Compiling package numeric_std
Compiling architecture behavioral of entity pulseGen25MHz [pulsegen25mhz_default]
Compiling architecture behavioral of entity pulseGen60Hz [pulsegen60hz_default]
Compiling architecture behavioral of entity debouncer [debouncer_default]
Compiling architecture behavioral of entity seg7_hex [seg7_hex_default]
Compiling architecture behavioral of entity pulseGenerator [pulsegenerator_default]
Compiling architecture behavioral of entity twoBitUpCounter [twobitupcounter_default]
Compiling architecture behavioral of entity seg7_driver [seg7_driver_default]
Compiling architecture behavioral of entity vgaDrvr [vgadrvr_default]
Compiling architecture behavioral of entity lab5_toplevel
Time Resolution for simulation is 1ps.
Compiled 20 VHDL Units
Built simulation executable D:/VHDL Projects/Lab5/lab5_topLevel_isim_beh.exe
Fuse Memory Usage: 34172 KB
Fuse CPU Usage: 468 ms
