ISim log file
Running: D:\VHDL Projects\Lab5\lab5_topLevel_isim_beh.exe -intstyle ise -gui -tclbatch isim.cmd -wdb D:/VHDL Projects/Lab5/lab5_topLevel_isim_beh.wdb 
ISim P.20131013 (signature 0x7708f090)
WARNING: A WEBPACK license was found.
WARNING: Please use Xilinx License Configuration Manager to check out a full ISim license.
WARNING: ISim will run in Lite mode. Please refer to the ISim documentation for more information on the differences between the Lite and the Full version.
This is a Lite version of ISim.
Time resolution is 1 ps
# onerror resume
# wave add /
# run 1000 ns
Simulator is doing circuit initialization process.
at 0 ps, Instance /lab5_toplevel/PULSE60HZ/ : Warning: NUMERIC_STD."=": metavalue detected, returning FALSE
at 0 ps, Instance /lab5_toplevel/SEG7DRVR/PULSE1KHZGEN/ : Warning: NUMERIC_STD."=": metavalue detected, returning FALSE
at 0 ps, Instance /lab5_toplevel/VGADRV/ : Warning: NUMERIC_STD."<=": metavalue detected, returning FALSE
at 0 ps, Instance /lab5_toplevel/VGADRV/ : Warning: NUMERIC_STD."=": metavalue detected, returning FALSE
at 0 ps, Instance /lab5_toplevel/VGADRV/ : Warning: NUMERIC_STD."=": metavalue detected, returning FALSE
Finished circuit initialization process.
# isim force add /lab5_toplevel/clk_50 1 -radix bin -value 0 -radix bin -time 25 us -repeat 50 us
# run 100.00us
at 51 us(2), Instance /lab5_toplevel/SEG7DRVR/PULSE1KHZGEN/ : Warning: NUMERIC_STD."=": metavalue detected, returning FALSE
at 101 us(2), Instance /lab5_toplevel/VGADRV/ : Warning: NUMERIC_STD."<=": metavalue detected, returning FALSE
# run 100.00us
at 201 us(2), Instance /lab5_toplevel/VGADRV/ : Warning: NUMERIC_STD."<=": metavalue detected, returning FALSE
