INFO:sim:172 - Generating IP...
Applying current project options...
Finished applying current project options.
WARNING:sim - A core named 'sineLUT' already exists in the project. Output
   products for this core may be overwritten.
Resolving generics for 'sineLUT'...
WARNING:sim - A core named 'sineLUT' already exists in the project. Output
   products for this core may be overwritten.
Applying external generics to 'sineLUT'...
Delivering associated files for 'sineLUT'...
Generating implementation netlist for 'sineLUT'...
INFO:sim - Pre-processing HDL files for 'sineLUT'...
Running synthesis for 'sineLUT'
Running ngcbuild...
Writing VHO instantiation template for 'sineLUT'...
Writing VHDL behavioral simulation model for 'sineLUT'...
Delivered 2 files into directory D:/VHDL
Projects/Lab8/ipcore_dir/tmp/_cg/sineLUT
Generating ASY schematic symbol...
INFO:sim:949 - Finished generation of ASY schematic symbol.
Generating SYM schematic symbol for 'sineLUT'...
Generating metadata file...
Generating ISE project...
XCO file found: sineLUT.xco
XMDF file found: sineLUT_xmdf.tcl
Adding D:/VHDL Projects/Lab8/ipcore_dir/tmp/_cg/sineLUT.asy -view all
-origin_type imported
Adding D:/VHDL Projects/Lab8/ipcore_dir/tmp/_cg/sineLUT.ngc -view all
-origin_type created
Checking file "D:/VHDL Projects/Lab8/ipcore_dir/tmp/_cg/sineLUT.ngc" for project
device match ...
File "D:/VHDL Projects/Lab8/ipcore_dir/tmp/_cg/sineLUT.ngc" device information
matches project device.
Adding D:/VHDL Projects/Lab8/ipcore_dir/tmp/_cg/sineLUT.sym -view all
-origin_type imported
Adding D:/VHDL Projects/Lab8/ipcore_dir/tmp/_cg/sineLUT.vhd -view all
-origin_type created
INFO:HDLCompiler:1061 - Parsing VHDL file "D:/VHDL
   Projects/Lab8/ipcore_dir/tmp/_cg/sineLUT.vhd" into library work
INFO:ProjectMgmt - Parsing design hierarchy completed successfully.
Adding D:/VHDL Projects/Lab8/ipcore_dir/tmp/_cg/sineLUT.vho -view all
-origin_type imported
INFO:TclTasksC:2116 - The automatic calculation of top has been turned-off.
   Please set the new top explicitly by running the "project set top" command.
   To re-calculate the new top automatically, set the "Auto Implementation Top"
   property to true.
Top level has been set to "/sineLUT"
Generating README file...
Generating FLIST file...
INFO:sim:948 - Finished FLIST file generation.
Launching README viewer...
Moving files to output directory...
Finished moving files to output directory
Wrote CGP file for project 'sineLUT'.
