Running: D:\Xilinx\14.7\ISE_DS\ISE\bin\nt64\unwrapped\fuse.exe -intstyle ise -incremental -o D:/VHDL Projects/Lab1/lab1_top_isim_beh.exe -prj D:/VHDL Projects/Lab1/lab1_top_beh.prj work.lab1_top 
ISim P.20131013 (signature 0x7708f090)
Number of CPUs detected in this system: 8
Turning on mult-threading, number of parallel sub-compilation jobs: 16 
Determining compilation order of HDL files
Parsing VHDL file "D:/VHDL Projects/Lab1/seg7_hex.vhd" into library work
Parsing VHDL file "D:/VHDL Projects/Lab1/lab1_top.vhd" into library work
Starting static elaboration
Completed static elaboration
Compiling package standard
Compiling package std_logic_1164
Compiling package numeric_std
Compiling architecture behavioral of entity seg7_hex [seg7_hex_default]
Compiling architecture behavioral of entity lab1_top
Time Resolution for simulation is 1ps.
Waiting for 1 sub-compilation(s) to finish...
Compiled 6 VHDL Units
Built simulation executable D:/VHDL Projects/Lab1/lab1_top_isim_beh.exe
Fuse Memory Usage: 33796 KB
Fuse CPU Usage: 437 ms
