ISim log file
Running: D:\VHDL Projects\Lab8\lab8_topLevel_isim_beh.exe -intstyle ise -gui -tclbatch isim.cmd -wdb D:/VHDL Projects/Lab8/lab8_topLevel_isim_beh.wdb 
ISim P.20131013 (signature 0x7708f090)
WARNING: A WEBPACK license was found.
WARNING: Please use Xilinx License Configuration Manager to check out a full ISim license.
WARNING: ISim will run in Lite mode. Please refer to the ISim documentation for more information on the differences between the Lite and the Full version.
This is a Lite version of ISim.
Time resolution is 1 ps
# onerror resume
# wave add /
# run 1000 ns
Simulator is doing circuit initialization process.
at 0 ps, Instance /lab8_toplevel/SEG7DRVR/PULSE1KHZGEN/ : Warning: NUMERIC_STD."=": metavalue detected, returning FALSE
Finished circuit initialization process.
at 0 ps, Instance /lab8_toplevel/MYSINELUT/U0/ : Warning: There is an 'U'|'X'|'W'|'Z'|'-' in an arithmetic operand, the result will be 'X'(es).
at 0 ps, Instance /lab8_toplevel/MYSINELUT/U0/ : Warning: CONV_INTEGER: There is an 'U'|'X'|'W'|'Z'|'-' in an arithmetic operand, and it has been converted to 0.
at 0 ps, Instance /lab8_toplevel/MYSINELUT/U0/ : Warning: CONV_INTEGER: There is an 'U'|'X'|'W'|'Z'|'-' in an arithmetic operand, and it has been converted to 0.
# isim force add /lab8_toplevel/clk_50 1 -radix bin -value 0 -radix bin -time 10 ns -repeat 20 ns
# isim force add /lab8_toplevel/clk_50 1 -radix bin -value 0 -radix bin -time 10 ns -repeat 20 ns
# isim force add /lab8_toplevel/sliderswitches 111001 -radix bin
# isim force add /lab8_toplevel/sliderswitches 111001 -radix bin
# run 100us
at 1020 ns(2), Instance /lab8_toplevel/SEG7DRVR/PULSE1KHZGEN/ : Warning: NUMERIC_STD."=": metavalue detected, returning FALSE
ISim P.20131013 (signature 0x7708f090)
WARNING: A WEBPACK license was found.
WARNING: Please use Xilinx License Configuration Manager to check out a full ISim license.
WARNING: ISim will run in Lite mode. Please refer to the ISim documentation for more information on the differences between the Lite and the Full version.
This is a Lite version of ISim.
# run 1000 ns
Simulator is doing circuit initialization process.
at 0 ps, Instance /lab8_toplevel/SEG7DRVR/PULSE1KHZGEN/ : Warning: NUMERIC_STD."=": metavalue detected, returning FALSE
Finished circuit initialization process.
at 0 ps, Instance /lab8_toplevel/MYSINELUT/U0/ : Warning: There is an 'U'|'X'|'W'|'Z'|'-' in an arithmetic operand, the result will be 'X'(es).
at 0 ps, Instance /lab8_toplevel/MYSINELUT/U0/ : Warning: CONV_INTEGER: There is an 'U'|'X'|'W'|'Z'|'-' in an arithmetic operand, and it has been converted to 0.
at 0 ps, Instance /lab8_toplevel/MYSINELUT/U0/ : Warning: CONV_INTEGER: There is an 'U'|'X'|'W'|'Z'|'-' in an arithmetic operand, and it has been converted to 0.
# isim force add /lab8_toplevel/MYDAC/rst 1 -radix bin -cancel 20 ns
# isim force add /lab8_toplevel/MYDAC/rst 1 -radix bin -cancel 20 ns
# isim force add /lab8_toplevel/clk_50 1 -radix bin -value 0 -radix bin -time 10 ns -repeat 20 ns
# isim force add /lab8_toplevel/clk_50 1 -radix bin -value 0 -radix bin -time 10 ns -repeat 20 ns
# isim force add /lab8_toplevel/sliderswitches 111001 -radix bin
# isim force add /lab8_toplevel/sliderswitches 111001 -radix bin
# run 100us
at 1020 ns(2), Instance /lab8_toplevel/SEG7DRVR/PULSE1KHZGEN/ : Warning: NUMERIC_STD."=": metavalue detected, returning FALSE
