Command line:
   lab06_tb_isim_beh.exe
     -simmode  gui
     -simrunnum  0
     -socket  49505

Tue Jul 14 18:41:11 2015


 Elaboration Time: 0.03125 sec

 Current Memory Usage: 357.958 Meg

 Total Signals          : 155
 Total Nets             : 527
 Total Signal Drivers   : 83
 Total Blocks           : 18
 Total Primitive Blocks : 15
 Total Processes        : 81
 Total Traceable Variables  : 43
 Total Scalar Nets and Variables : 1574
Total Line Count : 179

 Total Simulation Time: 0.203125 sec

 Current Memory Usage: 357.958 Meg

Tue Jul 14 18:44:55 2015

