ISim log file
Running: D:\VHDL Projects\Lab3\top_level_isim_beh.exe -intstyle ise -gui -tclbatch isim.cmd -wdb D:/VHDL Projects/Lab3/top_level_isim_beh.wdb 
ISim P.20131013 (signature 0x7708f090)
WARNING: A WEBPACK license was found.
WARNING: Please use Xilinx License Configuration Manager to check out a full ISim license.
WARNING: ISim will run in Lite mode. Please refer to the ISim documentation for more information on the differences between the Lite and the Full version.
This is a Lite version of ISim.
Time resolution is 1 ps
# onerror resume
# wave add /
# run 1000 ns
Simulator is doing circuit initialization process.
at 0 ps, Instance /top_level/SEG7DRVR/ : Warning: NUMERIC_STD."=": metavalue detected, returning FALSE
at 0 ps, Instance /top_level/SEG7DRVR/ : Warning: NUMERIC_STD."=": metavalue detected, returning FALSE
at 0 ps, Instance /top_level/SEG7DRVR/ : Warning: NUMERIC_STD."=": metavalue detected, returning FALSE
at 0 ps, Instance /top_level/SEG7DRVR/ : Warning: NUMERIC_STD."=": metavalue detected, returning FALSE
at 0 ps, Instance /top_level/SEG7DRVR/ : Warning: NUMERIC_STD."=": metavalue detected, returning FALSE
at 0 ps, Instance /top_level/SEG7DRVR/ : Warning: NUMERIC_STD."=": metavalue detected, returning FALSE
at 0 ps, Instance /top_level/SEG7DRVR/PULSEGEN/ : Warning: NUMERIC_STD."=": metavalue detected, returning FALSE
at 0 ps, Instance /top_level/PULSEGEN/ : Warning: NUMERIC_STD."=": metavalue detected, returning FALSE
Finished circuit initialization process.
# show driver /top_level/clk50
/top_level/clk50 has no drivers.
# isim force add /top_level/clk50 1 -radix bin -value 0 -radix bin -time 500 s -repeat 1000 s
# isim force add /top_level/clk50 1 -radix bin -value 0 -radix bin -time 500 s -repeat 1000 s
# run all
at 1000000001 us(2), Instance /top_level/SEG7DRVR/PULSEGEN/ : Warning: NUMERIC_STD."=": metavalue detected, returning FALSE
at 1000000001 us(2), Instance /top_level/PULSEGEN/ : Warning: NUMERIC_STD."=": metavalue detected, returning FALSE
