Release 14.7 - xst P.20131013 (nt64)
Copyright (c) 1995-2013 Xilinx, Inc.  All rights reserved.
--> Parameter TMPDIR set to xst/projnav.tmp


Total REAL time to Xst completion: 0.00 secs
Total CPU time to Xst completion: 0.07 secs
 
--> Parameter xsthdpdir set to xst


Total REAL time to Xst completion: 0.00 secs
Total CPU time to Xst completion: 0.07 secs
 
--> Reading design: top_level.prj

TABLE OF CONTENTS
  1) Synthesis Options Summary
  2) HDL Compilation
  3) Design Hierarchy Analysis
  4) HDL Analysis
  5) HDL Synthesis
     5.1) HDL Synthesis Report
  6) Advanced HDL Synthesis
     6.1) Advanced HDL Synthesis Report
  7) Low Level Synthesis
  8) Partition Report
  9) Final Report
	9.1) Device utilization summary
	9.2) Partition Resource Summary
	9.3) TIMING REPORT


=========================================================================
*                      Synthesis Options Summary                        *
=========================================================================
---- Source Parameters
Input File Name                    : "top_level.prj"
Input Format                       : mixed
Ignore Synthesis Constraint File   : NO

---- Target Parameters
Output File Name                   : "top_level"
Output Format                      : NGC
Target Device                      : xc3s500e-4-fg320

---- Source Options
Top Module Name                    : top_level
Automatic FSM Extraction           : YES
FSM Encoding Algorithm             : Auto
Safe Implementation                : No
FSM Style                          : LUT
RAM Extraction                     : Yes
RAM Style                          : Auto
ROM Extraction                     : Yes
Mux Style                          : Auto
Decoder Extraction                 : YES
Priority Encoder Extraction        : Yes
Shift Register Extraction          : YES
Logical Shifter Extraction         : YES
XOR Collapsing                     : YES
ROM Style                          : Auto
Mux Extraction                     : Yes
Resource Sharing                   : YES
Asynchronous To Synchronous        : NO
Multiplier Style                   : Auto
Automatic Register Balancing       : No

---- Target Options
Add IO Buffers                     : YES
Global Maximum Fanout              : 100000
Add Generic Clock Buffer(BUFG)     : 24
Register Duplication               : YES
Slice Packing                      : YES
Optimize Instantiated Primitives   : NO
Use Clock Enable                   : Yes
Use Synchronous Set                : Yes
Use Synchronous Reset              : Yes
Pack IO Registers into IOBs        : Auto
Equivalent register Removal        : YES

---- General Options
Optimization Goal                  : Speed
Optimization Effort                : 1
Keep Hierarchy                     : No
Netlist Hierarchy                  : As_Optimized
RTL Output                         : Yes
Global Optimization                : AllClockNets
Read Cores                         : YES
Write Timing Constraints           : NO
Cross Clock Analysis               : NO
Hierarchy Separator                : /
Bus Delimiter                      : <>
Case Specifier                     : Maintain
Slice Utilization Ratio            : 100
BRAM Utilization Ratio             : 100
Verilog 2001                       : YES
Auto BRAM Packing                  : NO
Slice Utilization Ratio Delta      : 5

=========================================================================


=========================================================================
*                          HDL Compilation                              *
=========================================================================
Compiling vhdl file "D:/VHDL Projects/Lab3/seg7_hex.vhd" in Library work.
Architecture behavioral of Entity seg7_hex is up to date.
Compiling vhdl file "D:/VHDL Projects/Lab3/pulseGenerator.vhd" in Library work.
Architecture behavioral of Entity pulsegenerator is up to date.
Compiling vhdl file "D:/VHDL Projects/Lab3/twoBitUpCounter.vhd" in Library work.
Architecture behavioral of Entity twobitupcounter is up to date.
Compiling vhdl file "D:/VHDL Projects/Lab3/shiftRegister.vhdl" in Library work.
Architecture behavioral of Entity shiftregister is up to date.
Compiling vhdl file "D:/VHDL Projects/Lab3/seg7_driver.vhd" in Library work.
Architecture behavioral of Entity seg7_driver is up to date.
Compiling vhdl file "D:/VHDL Projects/Lab3/top_level.vhd" in Library work.
Entity <top_level> compiled.
Entity <top_level> (Architecture <behavioral>) compiled.

=========================================================================
*                     Design Hierarchy Analysis                         *
=========================================================================
Analyzing hierarchy for entity <top_level> in library <work> (architecture <behavioral>).

Analyzing hierarchy for entity <shiftRegister> in library <work> (architecture <Behavioral>).

Analyzing hierarchy for entity <seg7_driver> in library <work> (architecture <Behavioral>).

Analyzing hierarchy for entity <pulseGenerator> in library <work> (architecture <Behavioral>).

Analyzing hierarchy for entity <seg7_hex> in library <work> (architecture <Behavioral>).

Analyzing hierarchy for entity <twoBitUpCounter> in library <work> (architecture <Behavioral>).


=========================================================================
*                            HDL Analysis                               *
=========================================================================
Analyzing Entity <top_level> in library <work> (Architecture <behavioral>).
Entity <top_level> analyzed. Unit <top_level> generated.

Analyzing Entity <shiftRegister> in library <work> (Architecture <Behavioral>).
Entity <shiftRegister> analyzed. Unit <shiftRegister> generated.

Analyzing Entity <seg7_driver> in library <work> (Architecture <Behavioral>).
Entity <seg7_driver> analyzed. Unit <seg7_driver> generated.

Analyzing Entity <seg7_hex> in library <work> (Architecture <Behavioral>).
Entity <seg7_hex> analyzed. Unit <seg7_hex> generated.

Analyzing Entity <twoBitUpCounter> in library <work> (Architecture <Behavioral>).
Entity <twoBitUpCounter> analyzed. Unit <twoBitUpCounter> generated.

Analyzing Entity <pulseGenerator> in library <work> (Architecture <Behavioral>).
Entity <pulseGenerator> analyzed. Unit <pulseGenerator> generated.


=========================================================================
*                           HDL Synthesis                               *
=========================================================================

Performing bidirectional port resolution...

Synthesizing Unit <shiftRegister>.
    Related source file is "D:/VHDL Projects/Lab3/shiftRegister.vhdl".
    Found 4-bit register for signal <data0>.
    Found 4-bit register for signal <data1>.
    Found 4-bit register for signal <data2>.
    Found 4-bit register for signal <data3>.
    Summary:
	inferred  16 D-type flip-flop(s).
Unit <shiftRegister> synthesized.


Synthesizing Unit <pulseGenerator>.
    Related source file is "D:/VHDL Projects/Lab3/pulseGenerator.vhd".
    Found 16-bit comparator equal for signal <clear$cmp_eq0000> created at line 41.
    Found 16-bit up counter for signal <cntrSig>.
    Summary:
	inferred   1 Counter(s).
	inferred   1 Comparator(s).
Unit <pulseGenerator> synthesized.


Synthesizing Unit <seg7_hex>.
    Related source file is "D:/VHDL Projects/Lab3/seg7_hex.vhd".
    Found 16x7-bit ROM for signal <seg7>.
    Summary:
	inferred   1 ROM(s).
Unit <seg7_hex> synthesized.


Synthesizing Unit <twoBitUpCounter>.
    Related source file is "D:/VHDL Projects/Lab3/twoBitUpCounter.vhd".
    Found 2-bit up counter for signal <cntr2Sig>.
    Summary:
	inferred   1 Counter(s).
Unit <twoBitUpCounter> synthesized.


Synthesizing Unit <seg7_driver>.
    Related source file is "D:/VHDL Projects/Lab3/seg7_driver.vhd".
    Found 4-bit register for signal <anodes>.
    Found 1-of-4 decoder for signal <anodes$mux0004>.
    Found 4-bit register for signal <charToDisplay>.
    Found 4-bit 4-to-1 multiplexer for signal <charToDisplay$mux0003>.
    Summary:
	inferred   8 D-type flip-flop(s).
	inferred   4 Multiplexer(s).
	inferred   1 Decoder(s).
Unit <seg7_driver> synthesized.


Synthesizing Unit <top_level>.
    Related source file is "D:/VHDL Projects/Lab3/top_level.vhd".
Unit <top_level> synthesized.


=========================================================================
HDL Synthesis Report

Macro Statistics
# ROMs                                                 : 1
 16x7-bit ROM                                          : 1
# Counters                                             : 4
 16-bit up counter                                     : 3
 2-bit up counter                                      : 1
# Registers                                            : 6
 4-bit register                                        : 6
# Comparators                                          : 3
 16-bit comparator equal                               : 3
# Multiplexers                                         : 1
 4-bit 4-to-1 multiplexer                              : 1
# Decoders                                             : 1
 1-of-4 decoder                                        : 1

=========================================================================

=========================================================================
*                       Advanced HDL Synthesis                          *
=========================================================================


=========================================================================
Advanced HDL Synthesis Report

Macro Statistics
# ROMs                                                 : 1
 16x7-bit ROM                                          : 1
# Counters                                             : 4
 16-bit up counter                                     : 3
 2-bit up counter                                      : 1
# Registers                                            : 24
 Flip-Flops                                            : 24
# Comparators                                          : 3
 16-bit comparator equal                               : 3
# Multiplexers                                         : 1
 4-bit 4-to-1 multiplexer                              : 1
# Decoders                                             : 1
 1-of-4 decoder                                        : 1

=========================================================================

=========================================================================
*                         Low Level Synthesis                           *
=========================================================================

Optimizing unit <top_level> ...

Optimizing unit <shiftRegister> ...

Optimizing unit <seg7_driver> ...

Mapping all equations...
Building and optimizing final netlist ...
Found area constraint ratio of 100 (+ 5) on block top_level, actual ratio is 1.

Final Macro Processing ...

=========================================================================
Final Register Report

Macro Statistics
# Registers                                            : 74
 Flip-Flops                                            : 74

=========================================================================

=========================================================================
*                           Partition Report                            *
=========================================================================

Partition Implementation Status
-------------------------------

  No Partitions were found in this design.

-------------------------------

=========================================================================
*                            Final Report                               *
=========================================================================
Final Results
RTL Top Level Output File Name     : top_level.ngr
Top Level Output File Name         : top_level
Output Format                      : NGC
Optimization Goal                  : Speed
Keep Hierarchy                     : No

Design Statistics
# IOs                              : 17

Cell Usage :
# BELS                             : 186
#      GND                         : 1
#      INV                         : 1
#      LUT2                        : 5
#      LUT3                        : 56
#      LUT4                        : 19
#      LUT4_D                      : 6
#      MUXCY                       : 45
#      MUXF5                       : 4
#      VCC                         : 1
#      XORCY                       : 48
# FlipFlops/Latches                : 74
#      FDCE                        : 74
# Clock Buffers                    : 1
#      BUFGP                       : 1
# IO Buffers                       : 16
#      IBUF                        : 5
#      OBUF                        : 11
=========================================================================

Device utilization summary:
---------------------------

Selected Device : 3s500efg320-4 

 Number of Slices:                       46  out of   4656     0%  
 Number of Slice Flip Flops:             74  out of   9312     0%  
 Number of 4 input LUTs:                 87  out of   9312     0%  
 Number of IOs:                          17
 Number of bonded IOBs:                  17  out of    232     7%  
 Number of GCLKs:                         1  out of     24     4%  

---------------------------
Partition Resource Summary:
---------------------------

  No Partitions were found in this design.

---------------------------


=========================================================================
TIMING REPORT

NOTE: THESE TIMING NUMBERS ARE ONLY A SYNTHESIS ESTIMATE.
      FOR ACCURATE TIMING INFORMATION PLEASE REFER TO THE TRACE REPORT
      GENERATED AFTER PLACE-and-ROUTE.

Clock Information:
------------------
-----------------------------------+------------------------+-------+
Clock Signal                       | Clock buffer(FF name)  | Load  |
-----------------------------------+------------------------+-------+
clk_50                             | BUFGP                  | 74    |
-----------------------------------+------------------------+-------+

Asynchronous Control Signals Information:
----------------------------------------
-----------------------------------+------------------------+-------+
Control Signal                     | Buffer(FF name)        | Load  |
-----------------------------------+------------------------+-------+
reset                              | IBUF                   | 74    |
-----------------------------------+------------------------+-------+

Timing Summary:
---------------
Speed Grade: -4

   Minimum period: 7.523ns (Maximum Frequency: 132.922MHz)
   Minimum input arrival time before clock: 1.946ns
   Maximum output required time after clock: 5.870ns
   Maximum combinational path delay: No path found

Timing Detail:
--------------
All values displayed in nanoseconds (ns)

=========================================================================
Timing constraint: Default period analysis for Clock 'clk_50'
  Clock period: 7.523ns (frequency: 132.922MHz)
  Total number of paths / destination ports: 8427 / 112
-------------------------------------------------------------------------
Delay:               7.523ns (Levels of Logic = 19)
  Source:            PULSE1KHZGEN/cntrSig_14 (FF)
  Destination:       PULSE1KHZGEN/cntrSig_15 (FF)
  Source Clock:      clk_50 rising
  Destination Clock: clk_50 rising

  Data Path: PULSE1KHZGEN/cntrSig_14 to PULSE1KHZGEN/cntrSig_15
                                Gate     Net
    Cell:in->out      fanout   Delay   Delay  Logical Name (Net Name)
    ----------------------------------------  ------------
     FDCE:C->Q             2   0.591   0.622  PULSE1KHZGEN/cntrSig_14 (PULSE1KHZGEN/cntrSig_14)
     LUT4_D:I0->O          1   0.704   0.499  pulse1KHz17 (pulse1KHz17)
     LUT4:I1->O           32   0.704   1.297  pulse1KHz64 (pulse1KHz)
     LUT3:I2->O            1   0.704   0.000  PULSE1KHZGEN/Mcount_cntrSig_lut<0> (PULSE1KHZGEN/Mcount_cntrSig_lut<0>)
     MUXCY:S->O            1   0.464   0.000  PULSE1KHZGEN/Mcount_cntrSig_cy<0> (PULSE1KHZGEN/Mcount_cntrSig_cy<0>)
     MUXCY:CI->O           1   0.059   0.000  PULSE1KHZGEN/Mcount_cntrSig_cy<1> (PULSE1KHZGEN/Mcount_cntrSig_cy<1>)
     MUXCY:CI->O           1   0.059   0.000  PULSE1KHZGEN/Mcount_cntrSig_cy<2> (PULSE1KHZGEN/Mcount_cntrSig_cy<2>)
     MUXCY:CI->O           1   0.059   0.000  PULSE1KHZGEN/Mcount_cntrSig_cy<3> (PULSE1KHZGEN/Mcount_cntrSig_cy<3>)
     MUXCY:CI->O           1   0.059   0.000  PULSE1KHZGEN/Mcount_cntrSig_cy<4> (PULSE1KHZGEN/Mcount_cntrSig_cy<4>)
     MUXCY:CI->O           1   0.059   0.000  PULSE1KHZGEN/Mcount_cntrSig_cy<5> (PULSE1KHZGEN/Mcount_cntrSig_cy<5>)
     MUXCY:CI->O           1   0.059   0.000  PULSE1KHZGEN/Mcount_cntrSig_cy<6> (PULSE1KHZGEN/Mcount_cntrSig_cy<6>)
     MUXCY:CI->O           1   0.059   0.000  PULSE1KHZGEN/Mcount_cntrSig_cy<7> (PULSE1KHZGEN/Mcount_cntrSig_cy<7>)
     MUXCY:CI->O           1   0.059   0.000  PULSE1KHZGEN/Mcount_cntrSig_cy<8> (PULSE1KHZGEN/Mcount_cntrSig_cy<8>)
     MUXCY:CI->O           1   0.059   0.000  PULSE1KHZGEN/Mcount_cntrSig_cy<9> (PULSE1KHZGEN/Mcount_cntrSig_cy<9>)
     MUXCY:CI->O           1   0.059   0.000  PULSE1KHZGEN/Mcount_cntrSig_cy<10> (PULSE1KHZGEN/Mcount_cntrSig_cy<10>)
     MUXCY:CI->O           1   0.059   0.000  PULSE1KHZGEN/Mcount_cntrSig_cy<11> (PULSE1KHZGEN/Mcount_cntrSig_cy<11>)
     MUXCY:CI->O           1   0.059   0.000  PULSE1KHZGEN/Mcount_cntrSig_cy<12> (PULSE1KHZGEN/Mcount_cntrSig_cy<12>)
     MUXCY:CI->O           1   0.059   0.000  PULSE1KHZGEN/Mcount_cntrSig_cy<13> (PULSE1KHZGEN/Mcount_cntrSig_cy<13>)
     MUXCY:CI->O           0   0.059   0.000  PULSE1KHZGEN/Mcount_cntrSig_cy<14> (PULSE1KHZGEN/Mcount_cntrSig_cy<14>)
     XORCY:CI->O           1   0.804   0.000  PULSE1KHZGEN/Mcount_cntrSig_xor<15> (PULSE1KHZGEN/Mcount_cntrSig15)
     FDCE:D                    0.308          PULSE1KHZGEN/cntrSig_15
    ----------------------------------------
    Total                      7.523ns (5.105ns logic, 2.418ns route)
                                       (67.9% logic, 32.1% route)

=========================================================================
Timing constraint: Default OFFSET IN BEFORE for Clock 'clk_50'
  Total number of paths / destination ports: 4 / 4
-------------------------------------------------------------------------
Offset:              1.946ns (Levels of Logic = 1)
  Source:            sliderSwitches<3> (PAD)
  Destination:       CHAROUTS/data0_3 (FF)
  Destination Clock: clk_50 rising

  Data Path: sliderSwitches<3> to CHAROUTS/data0_3
                                Gate     Net
    Cell:in->out      fanout   Delay   Delay  Logical Name (Net Name)
    ----------------------------------------  ------------
     IBUF:I->O             1   1.218   0.420  sliderSwitches_3_IBUF (sliderSwitches_3_IBUF)
     FDCE:D                    0.308          CHAROUTS/data0_3
    ----------------------------------------
    Total                      1.946ns (1.526ns logic, 0.420ns route)
                                       (78.4% logic, 21.6% route)

=========================================================================
Timing constraint: Default OFFSET OUT AFTER for Clock 'clk_50'
  Total number of paths / destination ports: 32 / 11
-------------------------------------------------------------------------
Offset:              5.870ns (Levels of Logic = 2)
  Source:            SEG7DRVR/charToDisplay_1 (FF)
  Destination:       seg7<6> (PAD)
  Source Clock:      clk_50 rising

  Data Path: SEG7DRVR/charToDisplay_1 to seg7<6>
                                Gate     Net
    Cell:in->out      fanout   Delay   Delay  Logical Name (Net Name)
    ----------------------------------------  ------------
     FDCE:C->Q             7   0.591   0.883  SEG7DRVR/charToDisplay_1 (SEG7DRVR/charToDisplay_1)
     LUT4:I0->O            1   0.704   0.420  SEG7DRVR/SEG7DISP/Mrom_seg721 (seg7_2_OBUF)
     OBUF:I->O                 3.272          seg7_2_OBUF (seg7<2>)
    ----------------------------------------
    Total                      5.870ns (4.567ns logic, 1.303ns route)
                                       (77.8% logic, 22.2% route)

=========================================================================


Total REAL time to Xst completion: 5.00 secs
Total CPU time to Xst completion: 4.46 secs
 
--> 

Total memory usage is 251692 kilobytes

Number of errors   :    0 (   0 filtered)
Number of warnings :    0 (   0 filtered)
Number of infos    :    0 (   0 filtered)

