ISim log file
Running: D:\VHDL Projects\Lab9\lab9_top_isim_beh.exe -intstyle ise -gui -tclbatch isim.cmd -wdb D:/VHDL Projects/Lab9/lab9_top_isim_beh.wdb 
ISim P.20131013 (signature 0x7708f090)
WARNING: A WEBPACK license was found.
WARNING: Please use Xilinx License Configuration Manager to check out a full ISim license.
WARNING: ISim will run in Lite mode. Please refer to the ISim documentation for more information on the differences between the Lite and the Full version.
This is a Lite version of ISim.
Time resolution is 1 ps
# onerror resume
# wave add /
# run 1000 ns
Simulator is doing circuit initialization process.
at 0 ps, Instance /lab9_top/PPSGEN/ : Warning: NUMERIC_STD."<": metavalue detected, returning FALSE
at 0 ps, Instance /lab9_top/SEG7DRVR/PULSE1KHZGEN/ : Warning: NUMERIC_STD."=": metavalue detected, returning FALSE
Finished circuit initialization process.
# isim force add /lab9_top/clk_50 1 -radix bin -value 0 -radix bin -time 10 ns -repeat 20 ns
# isim force add /lab9_top/clk_50 1 -radix bin -value 0 -radix bin -time 10 ns -repeat 20 ns
# isim force add /lab9_top/clk_32 1 -radix bin -value 0 -radix bin -time 15625 ps -repeat 31250 ps
# isim force add /lab9_top/reset 1 -radix bin -cancel 50 ns
# isim force add /lab9_top/reset 1 -radix bin -cancel 50 ns
# run 1.00us
