Running: D:\Xilinx\14.7\ISE_DS\ISE\bin\nt64\unwrapped\fuse.exe -intstyle ise -incremental -o D:/VHDL Projects/Lab4/lab04_tb_isim_beh.exe -prj D:/VHDL Projects/Lab4/lab04_tb_beh.prj work.lab04_tb 
ISim P.20131013 (signature 0x7708f090)
Number of CPUs detected in this system: 8
Turning on mult-threading, number of parallel sub-compilation jobs: 16 
Determining compilation order of HDL files
Parsing VHDL file "D:/VHDL Projects/Lab4/twoBitUpCounter.vhd" into library work
Parsing VHDL file "D:/VHDL Projects/Lab4/seg7_hex.vhd" into library work
Parsing VHDL file "D:/VHDL Projects/Lab4/pulseGenerator.vhd" into library work
Parsing VHDL file "D:/VHDL Projects/Lab4/upCounter.vhd" into library work
Parsing VHDL file "D:/VHDL Projects/Lab4/seg7_driver.vhd" into library work
Parsing VHDL file "D:/VHDL Projects/Lab4/sram_d.vhd" into library work
Parsing VHDL file "D:/VHDL Projects/Lab4/lab4_top.vhd" into library work
Parsing VHDL file "D:/VHDL Projects/Lab4/lab04_tb.vhd" into library work
Starting static elaboration
Completed static elaboration
Compiling package standard
Compiling package std_logic_1164
Compiling package numeric_std
Compiling package textio
Compiling package std_logic_arith
Compiling package std_logic_unsigned
Compiling package std_logic_textio
Compiling architecture behavioral of entity upCounter [upcounter_default]
Compiling architecture behavioral of entity seg7_hex [seg7_hex_default]
Compiling architecture behavioral of entity pulseGenerator [pulsegenerator_default]
Compiling architecture behavioral of entity twoBitUpCounter [twobitupcounter_default]
Compiling architecture behavioral of entity seg7_driver [seg7_driver_default]
Compiling architecture behavioral of entity lab4_top [lab4_top_default]
Compiling architecture behavior of entity sram_d [\sram_d(false,false,true,false,2...]
Compiling architecture behavioral of entity lab04_tb
Time Resolution for simulation is 1ps.
Compiled 22 VHDL Units
Built simulation executable D:/VHDL Projects/Lab4/lab04_tb_isim_beh.exe
Fuse Memory Usage: 36428 KB
Fuse CPU Usage: 624 ms
