--------------------------------------------------------------------------------
Release 14.7 Trace  (nt64)
Copyright (c) 1995-2013 Xilinx, Inc.  All rights reserved.

D:\Xilinx\14.7\ISE_DS\ISE\bin\nt64\unwrapped\trce.exe -intstyle ise -v 3 -s 4
-n 3 -fastpaths -xml lab4_top.twx lab4_top.ncd -o lab4_top.twr lab4_top.pcf
-ucf lab4_constraints.ucf

Design file:              lab4_top.ncd
Physical constraint file: lab4_top.pcf
Device,package,speed:     xc3s500e,fg320,-4 (PRODUCTION 1.27 2013-10-13)
Report level:             verbose report

Environment Variable      Effect 
--------------------      ------ 
NONE                      No environment variables were set
--------------------------------------------------------------------------------

INFO:Timing:3412 - To improve timing, see the Timing Closure User Guide (UG612).
INFO:Timing:2752 - To get complete path coverage, use the unconstrained paths 
   option. All paths that are not constrained will be reported in the 
   unconstrained paths section(s) of the report.
INFO:Timing:3339 - The clock-to-out numbers in this timing report are based on 
   a 50 Ohm transmission line loading model.  For the details of this model, 
   and for more information on accounting for different loading conditions, 
   please see the device datasheet.
INFO:Timing:3390 - This architecture does not support a default System Jitter 
   value, please add SYSTEM_JITTER constraint to the UCF to modify the Clock 
   Uncertainty calculation.
INFO:Timing:3389 - This architecture does not support 'Discrete Jitter' and 
   'Phase Error' calculations, these terms will be zero in the Clock 
   Uncertainty calculation.  Please make appropriate modification to 
   SYSTEM_JITTER to account for the unsupported Discrete Jitter and Phase 
   Error.

================================================================================
Timing constraint: TS_clk_50 = PERIOD TIMEGRP "clk_50" 20 ns HIGH 50%;
For more information, see Period Analysis in the Timing Closure User Guide (UG612).

 797 paths analyzed, 134 endpoints analyzed, 0 failing endpoints
 0 timing errors detected. (0 setup errors, 0 hold errors, 0 component switching limit errors)
 Minimum period is   8.992ns.
--------------------------------------------------------------------------------

Paths for end point RAM_WEb (SLICE_X14Y30.SR), 3 paths
--------------------------------------------------------------------------------
Slack (setup path):     6.022ns (requirement - (data path - clock path skew + uncertainty))
  Source:               UPCNTR/counter_10 (FF)
  Destination:          RAM_WEb (FF)
  Requirement:          10.000ns
  Data Path Delay:      3.967ns (Levels of Logic = 1)
  Clock Path Skew:      -0.011ns (0.002 - 0.013)
  Source Clock:         clk_50_BUFGP rising at 0.000ns
  Destination Clock:    clk_50_BUFGP falling at 10.000ns
  Clock Uncertainty:    0.000ns

  Maximum Data Path: UPCNTR/counter_10 to RAM_WEb
    Location             Delay type         Delay(ns)  Physical Resource
                                                       Logical Resource(s)
    -------------------------------------------------  -------------------
    SLICE_X15Y38.XQ      Tcko                  0.591   UPCNTR/counter<10>
                                                       UPCNTR/counter_10
    SLICE_X14Y35.G4      net (fanout=29)       1.082   UPCNTR/counter<10>
    SLICE_X14Y35.Y       Tilo                  0.759   RAM_Adr_1_OBUF
                                                       RAM_WEB_int_and00001
    SLICE_X14Y30.SR      net (fanout=1)        0.625   RAM_WEB_int_and0000
    SLICE_X14Y30.CLK     Tsrck                 0.910   RAM_WEb_OBUF
                                                       RAM_WEb
    -------------------------------------------------  ---------------------------
    Total                                      3.967ns (2.260ns logic, 1.707ns route)
                                                       (57.0% logic, 43.0% route)

--------------------------------------------------------------------------------
Slack (setup path):     6.555ns (requirement - (data path - clock path skew + uncertainty))
  Source:               UPCNTR/counter_0 (FF)
  Destination:          RAM_WEb (FF)
  Requirement:          10.000ns
  Data Path Delay:      3.443ns (Levels of Logic = 1)
  Clock Path Skew:      -0.002ns (0.002 - 0.004)
  Source Clock:         clk_50_BUFGP rising at 0.000ns
  Destination Clock:    clk_50_BUFGP falling at 10.000ns
  Clock Uncertainty:    0.000ns

  Maximum Data Path: UPCNTR/counter_0 to RAM_WEb
    Location             Delay type         Delay(ns)  Physical Resource
                                                       Logical Resource(s)
    -------------------------------------------------  -------------------
    SLICE_X15Y33.XQ      Tcko                  0.591   UPCNTR/counter<0>
                                                       UPCNTR/counter_0
    SLICE_X14Y35.G2      net (fanout=3)        0.558   UPCNTR/counter<0>
    SLICE_X14Y35.Y       Tilo                  0.759   RAM_Adr_1_OBUF
                                                       RAM_WEB_int_and00001
    SLICE_X14Y30.SR      net (fanout=1)        0.625   RAM_WEB_int_and0000
    SLICE_X14Y30.CLK     Tsrck                 0.910   RAM_WEb_OBUF
                                                       RAM_WEb
    -------------------------------------------------  ---------------------------
    Total                                      3.443ns (2.260ns logic, 1.183ns route)
                                                       (65.6% logic, 34.4% route)

--------------------------------------------------------------------------------
Slack (setup path):     6.601ns (requirement - (data path - clock path skew + uncertainty))
  Source:               UPCNTR/counter_1 (FF)
  Destination:          RAM_WEb (FF)
  Requirement:          10.000ns
  Data Path Delay:      3.397ns (Levels of Logic = 1)
  Clock Path Skew:      -0.002ns (0.002 - 0.004)
  Source Clock:         clk_50_BUFGP rising at 0.000ns
  Destination Clock:    clk_50_BUFGP falling at 10.000ns
  Clock Uncertainty:    0.000ns

  Maximum Data Path: UPCNTR/counter_1 to RAM_WEb
    Location             Delay type         Delay(ns)  Physical Resource
                                                       Logical Resource(s)
    -------------------------------------------------  -------------------
    SLICE_X15Y33.YQ      Tcko                  0.587   UPCNTR/counter<0>
                                                       UPCNTR/counter_1
    SLICE_X14Y35.G1      net (fanout=3)        0.516   UPCNTR/counter<1>
    SLICE_X14Y35.Y       Tilo                  0.759   RAM_Adr_1_OBUF
                                                       RAM_WEB_int_and00001
    SLICE_X14Y30.SR      net (fanout=1)        0.625   RAM_WEB_int_and0000
    SLICE_X14Y30.CLK     Tsrck                 0.910   RAM_WEb_OBUF
                                                       RAM_WEb
    -------------------------------------------------  ---------------------------
    Total                                      3.397ns (2.256ns logic, 1.141ns route)
                                                       (66.4% logic, 33.6% route)

--------------------------------------------------------------------------------

Paths for end point dataFromRAM_15 (SLICE_X21Y28.CE), 1 path
--------------------------------------------------------------------------------
Slack (setup path):     11.008ns (requirement - (data path - clock path skew + uncertainty))
  Source:               UPCNTR/counter_10 (FF)
  Destination:          dataFromRAM_15 (FF)
  Requirement:          20.000ns
  Data Path Delay:      8.976ns (Levels of Logic = 1)
  Clock Path Skew:      -0.016ns (0.056 - 0.072)
  Source Clock:         clk_50_BUFGP rising at 0.000ns
  Destination Clock:    clk_50_BUFGP rising at 20.000ns
  Clock Uncertainty:    0.000ns

  Maximum Data Path: UPCNTR/counter_10 to dataFromRAM_15
    Location             Delay type         Delay(ns)  Physical Resource
                                                       Logical Resource(s)
    -------------------------------------------------  -------------------
    SLICE_X15Y38.XQ      Tcko                  0.591   UPCNTR/counter<10>
                                                       UPCNTR/counter_10
    SLICE_X46Y47.BX      net (fanout=29)       3.459   UPCNTR/counter<10>
    SLICE_X46Y47.X       Tbxx                  0.806   dataFromRAM_not0001
                                                       dataFromRAM_not0001_f5
    SLICE_X21Y28.CE      net (fanout=8)        3.565   dataFromRAM_not0001
    SLICE_X21Y28.CLK     Tceck                 0.555   dataFromRAM<15>
                                                       dataFromRAM_15
    -------------------------------------------------  ---------------------------
    Total                                      8.976ns (1.952ns logic, 7.024ns route)
                                                       (21.7% logic, 78.3% route)

--------------------------------------------------------------------------------

Paths for end point dataFromRAM_14 (SLICE_X21Y28.CE), 1 path
--------------------------------------------------------------------------------
Slack (setup path):     11.008ns (requirement - (data path - clock path skew + uncertainty))
  Source:               UPCNTR/counter_10 (FF)
  Destination:          dataFromRAM_14 (FF)
  Requirement:          20.000ns
  Data Path Delay:      8.976ns (Levels of Logic = 1)
  Clock Path Skew:      -0.016ns (0.056 - 0.072)
  Source Clock:         clk_50_BUFGP rising at 0.000ns
  Destination Clock:    clk_50_BUFGP rising at 20.000ns
  Clock Uncertainty:    0.000ns

  Maximum Data Path: UPCNTR/counter_10 to dataFromRAM_14
    Location             Delay type         Delay(ns)  Physical Resource
                                                       Logical Resource(s)
    -------------------------------------------------  -------------------
    SLICE_X15Y38.XQ      Tcko                  0.591   UPCNTR/counter<10>
                                                       UPCNTR/counter_10
    SLICE_X46Y47.BX      net (fanout=29)       3.459   UPCNTR/counter<10>
    SLICE_X46Y47.X       Tbxx                  0.806   dataFromRAM_not0001
                                                       dataFromRAM_not0001_f5
    SLICE_X21Y28.CE      net (fanout=8)        3.565   dataFromRAM_not0001
    SLICE_X21Y28.CLK     Tceck                 0.555   dataFromRAM<15>
                                                       dataFromRAM_14
    -------------------------------------------------  ---------------------------
    Total                                      8.976ns (1.952ns logic, 7.024ns route)
                                                       (21.7% logic, 78.3% route)

--------------------------------------------------------------------------------

Hold Paths: TS_clk_50 = PERIOD TIMEGRP "clk_50" 20 ns HIGH 50%;
--------------------------------------------------------------------------------

Paths for end point SEG7DRVR/CURRCHAR/cntr2Sig_0 (SLICE_X49Y58.BX), 1 path
--------------------------------------------------------------------------------
Slack (hold path):      1.262ns (requirement - (clock path skew + uncertainty - data path))
  Source:               SEG7DRVR/CURRCHAR/cntr2Sig_0 (FF)
  Destination:          SEG7DRVR/CURRCHAR/cntr2Sig_0 (FF)
  Requirement:          0.000ns
  Data Path Delay:      1.262ns (Levels of Logic = 0)
  Clock Path Skew:      0.000ns
  Source Clock:         clk_50_BUFGP rising at 20.000ns
  Destination Clock:    clk_50_BUFGP rising at 20.000ns
  Clock Uncertainty:    0.000ns

  Minimum Data Path: SEG7DRVR/CURRCHAR/cntr2Sig_0 to SEG7DRVR/CURRCHAR/cntr2Sig_0
    Location             Delay type         Delay(ns)  Physical Resource
                                                       Logical Resource(s)
    -------------------------------------------------  -------------------
    SLICE_X49Y58.XQ      Tcko                  0.473   SEG7DRVR/CURRCHAR/cntr2Sig<0>
                                                       SEG7DRVR/CURRCHAR/cntr2Sig_0
    SLICE_X49Y58.BX      net (fanout=14)       0.696   SEG7DRVR/CURRCHAR/cntr2Sig<0>
    SLICE_X49Y58.CLK     Tckdi       (-Th)    -0.093   SEG7DRVR/CURRCHAR/cntr2Sig<0>
                                                       SEG7DRVR/CURRCHAR/cntr2Sig_0
    -------------------------------------------------  ---------------------------
    Total                                      1.262ns (0.566ns logic, 0.696ns route)
                                                       (44.8% logic, 55.2% route)

--------------------------------------------------------------------------------

Paths for end point SEG7DRVR/CURRCHAR/cntr2Sig_1 (SLICE_X49Y58.G4), 1 path
--------------------------------------------------------------------------------
Slack (hold path):      1.359ns (requirement - (clock path skew + uncertainty - data path))
  Source:               SEG7DRVR/CURRCHAR/cntr2Sig_1 (FF)
  Destination:          SEG7DRVR/CURRCHAR/cntr2Sig_1 (FF)
  Requirement:          0.000ns
  Data Path Delay:      1.359ns (Levels of Logic = 1)
  Clock Path Skew:      0.000ns
  Source Clock:         clk_50_BUFGP rising at 20.000ns
  Destination Clock:    clk_50_BUFGP rising at 20.000ns
  Clock Uncertainty:    0.000ns

  Minimum Data Path: SEG7DRVR/CURRCHAR/cntr2Sig_1 to SEG7DRVR/CURRCHAR/cntr2Sig_1
    Location             Delay type         Delay(ns)  Physical Resource
                                                       Logical Resource(s)
    -------------------------------------------------  -------------------
    SLICE_X49Y58.YQ      Tcko                  0.470   SEG7DRVR/CURRCHAR/cntr2Sig<0>
                                                       SEG7DRVR/CURRCHAR/cntr2Sig_1
    SLICE_X49Y58.G4      net (fanout=9)        0.373   SEG7DRVR/CURRCHAR/cntr2Sig<1>
    SLICE_X49Y58.CLK     Tckg        (-Th)    -0.516   SEG7DRVR/CURRCHAR/cntr2Sig<0>
                                                       SEG7DRVR/CURRCHAR/Mcount_cntr2Sig_xor<1>11
                                                       SEG7DRVR/CURRCHAR/cntr2Sig_1
    -------------------------------------------------  ---------------------------
    Total                                      1.359ns (0.986ns logic, 0.373ns route)
                                                       (72.6% logic, 27.4% route)

--------------------------------------------------------------------------------

Paths for end point SEG7DRVR/CURRCHAR/cntr2Sig_1 (SLICE_X49Y58.G3), 1 path
--------------------------------------------------------------------------------
Slack (hold path):      1.412ns (requirement - (clock path skew + uncertainty - data path))
  Source:               SEG7DRVR/CURRCHAR/cntr2Sig_0 (FF)
  Destination:          SEG7DRVR/CURRCHAR/cntr2Sig_1 (FF)
  Requirement:          0.000ns
  Data Path Delay:      1.412ns (Levels of Logic = 1)
  Clock Path Skew:      0.000ns
  Source Clock:         clk_50_BUFGP rising at 20.000ns
  Destination Clock:    clk_50_BUFGP rising at 20.000ns
  Clock Uncertainty:    0.000ns

  Minimum Data Path: SEG7DRVR/CURRCHAR/cntr2Sig_0 to SEG7DRVR/CURRCHAR/cntr2Sig_1
    Location             Delay type         Delay(ns)  Physical Resource
                                                       Logical Resource(s)
    -------------------------------------------------  -------------------
    SLICE_X49Y58.XQ      Tcko                  0.473   SEG7DRVR/CURRCHAR/cntr2Sig<0>
                                                       SEG7DRVR/CURRCHAR/cntr2Sig_0
    SLICE_X49Y58.G3      net (fanout=14)       0.423   SEG7DRVR/CURRCHAR/cntr2Sig<0>
    SLICE_X49Y58.CLK     Tckg        (-Th)    -0.516   SEG7DRVR/CURRCHAR/cntr2Sig<0>
                                                       SEG7DRVR/CURRCHAR/Mcount_cntr2Sig_xor<1>11
                                                       SEG7DRVR/CURRCHAR/cntr2Sig_1
    -------------------------------------------------  ---------------------------
    Total                                      1.412ns (0.989ns logic, 0.423ns route)
                                                       (70.0% logic, 30.0% route)

--------------------------------------------------------------------------------

Component Switching Limit Checks: TS_clk_50 = PERIOD TIMEGRP "clk_50" 20 ns HIGH 50%;
--------------------------------------------------------------------------------
Slack: 16.808ns (period - (min low pulse limit / (low pulse / period)))
  Period: 20.000ns
  Low pulse: 10.000ns
  Low pulse limit: 1.596ns (Trpw)
  Physical resource: SEG7DRVR/charToDisplay<1>/SR
  Logical resource: SEG7DRVR/charToDisplay_1/SR
  Location pin: SLICE_X31Y40.SR
  Clock network: pushButtons_0_IBUF
--------------------------------------------------------------------------------
Slack: 16.808ns (period - (min high pulse limit / (high pulse / period)))
  Period: 20.000ns
  High pulse: 10.000ns
  High pulse limit: 1.596ns (Trpw)
  Physical resource: SEG7DRVR/charToDisplay<1>/SR
  Logical resource: SEG7DRVR/charToDisplay_1/SR
  Location pin: SLICE_X31Y40.SR
  Clock network: pushButtons_0_IBUF
--------------------------------------------------------------------------------
Slack: 16.808ns (period - (min low pulse limit / (low pulse / period)))
  Period: 20.000ns
  Low pulse: 10.000ns
  Low pulse limit: 1.596ns (Trpw)
  Physical resource: SEG7DRVR/charToDisplay<2>/SR
  Logical resource: SEG7DRVR/charToDisplay_2/SR
  Location pin: SLICE_X25Y39.SR
  Clock network: pushButtons_0_IBUF
--------------------------------------------------------------------------------


All constraints were met.


Data Sheet report:
-----------------
All values displayed in nanoseconds (ns)

Clock to Setup on destination clock clk_50
---------------+---------+---------+---------+---------+
               | Src:Rise| Src:Fall| Src:Rise| Src:Fall|
Source Clock   |Dest:Rise|Dest:Rise|Dest:Fall|Dest:Fall|
---------------+---------+---------+---------+---------+
clk_50         |    8.992|         |    3.978|         |
---------------+---------+---------+---------+---------+


Timing summary:
---------------

Timing errors: 0  Score: 0  (Setup/Max: 0, Hold: 0)

Constraints cover 797 paths, 0 nets, and 209 connections

Design statistics:
   Minimum period:   8.992ns{1}   (Maximum frequency: 111.210MHz)


------------------------------------Footnotes-----------------------------------
1)  The minimum period statistic assumes all single cycle delays.

Analysis completed Tue Aug 11 20:21:42 2015 
--------------------------------------------------------------------------------

Trace Settings:
-------------------------
Trace Settings 

Peak Memory Usage: 176 MB



